[0.245s] DEBUG:colcon:Command line arguments: ['/usr/bin/colcon', 'build', '--symlink-install']
[0.245s] DEBUG:colcon:Parsed command line arguments: Namespace(log_base=None, log_level=None, verb_name='build', build_base='build', install_base='install', merge_install=False, symlink_install=True, test_result_base=None, continue_on_error=False, executor='parallel', parallel_workers=4, event_handlers=None, ignore_user_meta=False, metas=['./colcon.meta'], base_paths=['.'], packages_ignore=None, packages_ignore_regex=None, paths=None, packages_up_to=None, packages_up_to_regex=None, packages_above=None, packages_above_and_dependencies=None, packages_above_depth=None, packages_select_by_dep=None, packages_skip_by_dep=None, packages_skip_up_to=None, packages_select_build_failed=False, packages_skip_build_finished=False, packages_select_test_failures=False, packages_skip_test_passed=False, packages_select=None, packages_skip=None, packages_select_regex=None, packages_skip_regex=None, packages_start=None, packages_end=None, allow_overriding=[], cmake_args=None, cmake_target=None, cmake_target_skip_unavailable=False, cmake_clean_cache=False, cmake_clean_first=False, cmake_force_configure=False, ament_cmake_args=None, catkin_cmake_args=None, catkin_skip_building_tests=False, mixin_files=None, mixin=None, verb_parser=<colcon_mixin.mixin.mixin_argument.MixinArgumentDecorator object at 0x7fb0eda93170>, verb_extension=<colcon_core.verb.build.BuildVerb object at 0x7fb0eda929c0>, main=<bound method BuildVerb.main of <colcon_core.verb.build.BuildVerb object at 0x7fb0eda929c0>>, mixin_verb=('build',))
[0.333s] Level 1:colcon.colcon_core.package_discovery:discover_packages(colcon_meta) check parameters
[0.333s] Level 1:colcon.colcon_core.package_discovery:discover_packages(recursive) check parameters
[0.333s] Level 1:colcon.colcon_core.package_discovery:discover_packages(ignore) check parameters
[0.333s] Level 1:colcon.colcon_core.package_discovery:discover_packages(path) check parameters
[0.333s] Level 1:colcon.colcon_core.package_discovery:discover_packages(colcon_meta) discover
[0.334s] Level 1:colcon.colcon_core.package_discovery:discover_packages(recursive) discover
[0.334s] INFO:colcon.colcon_core.package_discovery:Crawling recursively for packages in '/home/mahmoud-fathy/PlanningTask_WS'
[0.334s] Level 1:colcon.colcon_core.package_identification:_identify(.) by extensions ['ignore', 'ignore_ament_install']
[0.334s] Level 1:colcon.colcon_core.package_identification:_identify(.) by extension 'ignore'
[0.334s] Level 1:colcon.colcon_core.package_identification:_identify(.) by extension 'ignore_ament_install'
[0.334s] Level 1:colcon.colcon_core.package_identification:_identify(.) by extensions ['colcon_pkg']
[0.334s] Level 1:colcon.colcon_core.package_identification:_identify(.) by extension 'colcon_pkg'
[0.335s] Level 1:colcon.colcon_core.package_identification:_identify(.) by extensions ['colcon_meta']
[0.335s] Level 1:colcon.colcon_core.package_identification:_identify(.) by extension 'colcon_meta'
[0.335s] Level 1:colcon.colcon_core.package_identification:_identify(.) by extensions ['ros']
[0.335s] Level 1:colcon.colcon_core.package_identification:_identify(.) by extension 'ros'
[0.391s] Level 1:colcon.colcon_core.package_identification:_identify(.) by extensions ['cmake', 'python']
[0.391s] Level 1:colcon.colcon_core.package_identification:_identify(.) by extension 'cmake'
[0.391s] Level 1:colcon.colcon_core.package_identification:_identify(.) by extension 'python'
[0.392s] Level 1:colcon.colcon_core.package_identification:_identify(.) by extensions ['python_setup_py']
[0.392s] Level 1:colcon.colcon_core.package_identification:_identify(.) by extension 'python_setup_py'
[0.392s] Level 1:colcon.colcon_core.package_identification:_identify(build) by extensions ['ignore', 'ignore_ament_install']
[0.392s] Level 1:colcon.colcon_core.package_identification:_identify(build) by extension 'ignore'
[0.392s] Level 1:colcon.colcon_core.package_identification:_identify(build) ignored
[0.392s] Level 1:colcon.colcon_core.package_identification:_identify(install) by extensions ['ignore', 'ignore_ament_install']
[0.393s] Level 1:colcon.colcon_core.package_identification:_identify(install) by extension 'ignore'
[0.393s] Level 1:colcon.colcon_core.package_identification:_identify(install) ignored
[0.393s] Level 1:colcon.colcon_core.package_identification:_identify(log) by extensions ['ignore', 'ignore_ament_install']
[0.393s] Level 1:colcon.colcon_core.package_identification:_identify(log) by extension 'ignore'
[0.393s] Level 1:colcon.colcon_core.package_identification:_identify(log) ignored
[0.393s] Level 1:colcon.colcon_core.package_identification:_identify(src) by extensions ['ignore', 'ignore_ament_install']
[0.393s] Level 1:colcon.colcon_core.package_identification:_identify(src) by extension 'ignore'
[0.393s] Level 1:colcon.colcon_core.package_identification:_identify(src) by extension 'ignore_ament_install'
[0.394s] Level 1:colcon.colcon_core.package_identification:_identify(src) by extensions ['colcon_pkg']
[0.394s] Level 1:colcon.colcon_core.package_identification:_identify(src) by extension 'colcon_pkg'
[0.394s] Level 1:colcon.colcon_core.package_identification:_identify(src) by extensions ['colcon_meta']
[0.394s] Level 1:colcon.colcon_core.package_identification:_identify(src) by extension 'colcon_meta'
[0.394s] Level 1:colcon.colcon_core.package_identification:_identify(src) by extensions ['ros']
[0.394s] Level 1:colcon.colcon_core.package_identification:_identify(src) by extension 'ros'
[0.394s] Level 1:colcon.colcon_core.package_identification:_identify(src) by extensions ['cmake', 'python']
[0.394s] Level 1:colcon.colcon_core.package_identification:_identify(src) by extension 'cmake'
[0.394s] Level 1:colcon.colcon_core.package_identification:_identify(src) by extension 'python'
[0.394s] Level 1:colcon.colcon_core.package_identification:_identify(src) by extensions ['python_setup_py']
[0.395s] Level 1:colcon.colcon_core.package_identification:_identify(src) by extension 'python_setup_py'
[0.395s] Level 1:colcon.colcon_core.package_identification:_identify(src/planning) by extensions ['ignore', 'ignore_ament_install']
[0.395s] Level 1:colcon.colcon_core.package_identification:_identify(src/planning) by extension 'ignore'
[0.395s] Level 1:colcon.colcon_core.package_identification:_identify(src/planning) by extension 'ignore_ament_install'
[0.395s] Level 1:colcon.colcon_core.package_identification:_identify(src/planning) by extensions ['colcon_pkg']
[0.395s] Level 1:colcon.colcon_core.package_identification:_identify(src/planning) by extension 'colcon_pkg'
[0.395s] Level 1:colcon.colcon_core.package_identification:_identify(src/planning) by extensions ['colcon_meta']
[0.395s] Level 1:colcon.colcon_core.package_identification:_identify(src/planning) by extension 'colcon_meta'
[0.395s] Level 1:colcon.colcon_core.package_identification:_identify(src/planning) by extensions ['ros']
[0.395s] Level 1:colcon.colcon_core.package_identification:_identify(src/planning) by extension 'ros'
[0.400s] DEBUG:colcon.colcon_core.package_identification:Package 'src/planning' with type 'ros.ament_python' and name 'planning'
[0.400s] Level 1:colcon.colcon_core.package_discovery:discover_packages(recursive) using defaults
[0.400s] Level 1:colcon.colcon_core.package_discovery:discover_packages(ignore) discover
[0.400s] Level 1:colcon.colcon_core.package_discovery:discover_packages(ignore) using defaults
[0.400s] Level 1:colcon.colcon_core.package_discovery:discover_packages(path) discover
[0.400s] Level 1:colcon.colcon_core.package_discovery:discover_packages(path) using defaults
[0.447s] Level 1:colcon.colcon_core.package_discovery:discover_packages(prefix_path) check parameters
[0.447s] Level 1:colcon.colcon_core.package_discovery:discover_packages(prefix_path) discover
[0.456s] DEBUG:colcon.colcon_installed_package_information.package_discovery:Found 482 installed packages in /opt/ros/jazzy
[0.460s] Level 1:colcon.colcon_core.package_discovery:discover_packages(prefix_path) using defaults
[0.609s] Level 5:colcon.colcon_core.verb:set package 'planning' build argument 'cmake_args' from command line to 'None'
[0.609s] Level 5:colcon.colcon_core.verb:set package 'planning' build argument 'cmake_target' from command line to 'None'
[0.609s] Level 5:colcon.colcon_core.verb:set package 'planning' build argument 'cmake_target_skip_unavailable' from command line to 'False'
[0.609s] Level 5:colcon.colcon_core.verb:set package 'planning' build argument 'cmake_clean_cache' from command line to 'False'
[0.609s] Level 5:colcon.colcon_core.verb:set package 'planning' build argument 'cmake_clean_first' from command line to 'False'
[0.610s] Level 5:colcon.colcon_core.verb:set package 'planning' build argument 'cmake_force_configure' from command line to 'False'
[0.610s] Level 5:colcon.colcon_core.verb:set package 'planning' build argument 'ament_cmake_args' from command line to 'None'
[0.610s] Level 5:colcon.colcon_core.verb:set package 'planning' build argument 'catkin_cmake_args' from command line to 'None'
[0.610s] Level 5:colcon.colcon_core.verb:set package 'planning' build argument 'catkin_skip_building_tests' from command line to 'False'
[0.610s] DEBUG:colcon.colcon_core.verb:Building package 'planning' with the following arguments: {'ament_cmake_args': None, 'build_base': '/home/mahmoud-fathy/PlanningTask_WS/build/planning', 'catkin_cmake_args': None, 'catkin_skip_building_tests': False, 'cmake_args': None, 'cmake_clean_cache': False, 'cmake_clean_first': False, 'cmake_force_configure': False, 'cmake_target': None, 'cmake_target_skip_unavailable': False, 'install_base': '/home/mahmoud-fathy/PlanningTask_WS/install/planning', 'merge_install': False, 'path': '/home/mahmoud-fathy/PlanningTask_WS/src/planning', 'symlink_install': True, 'test_result_base': None}
[0.610s] INFO:colcon.colcon_core.executor:Executing jobs using 'parallel' executor
[0.612s] DEBUG:colcon.colcon_parallel_executor.executor.parallel:run_until_complete
[0.612s] INFO:colcon.colcon_ros.task.ament_python.build:Building ROS package in '/home/mahmoud-fathy/PlanningTask_WS/src/planning' with build type 'ament_python'
[0.613s] Level 1:colcon.colcon_core.shell:create_environment_hook('planning', 'ament_prefix_path')
[0.622s] INFO:colcon.colcon_core.plugin_system:Skipping extension 'colcon_core.shell.bat': Not used on non-Windows systems
[0.622s] INFO:colcon.colcon_core.shell:Creating environment hook '/home/mahmoud-fathy/PlanningTask_WS/install/planning/share/planning/hook/ament_prefix_path.ps1'
[0.633s] INFO:colcon.colcon_core.shell:Creating environment descriptor '/home/mahmoud-fathy/PlanningTask_WS/install/planning/share/planning/hook/ament_prefix_path.dsv'
[0.641s] INFO:colcon.colcon_core.shell:Creating environment hook '/home/mahmoud-fathy/PlanningTask_WS/install/planning/share/planning/hook/ament_prefix_path.sh'
[0.643s] INFO:colcon.colcon_core.shell:Skip shell extension 'powershell' for command environment: Not usable outside of PowerShell
[0.643s] DEBUG:colcon.colcon_core.shell:Skip shell extension 'dsv' for command environment
[1.278s] INFO:colcon.colcon_core.task.python.build:Building Python package in '/home/mahmoud-fathy/PlanningTask_WS/src/planning'
[1.279s] INFO:colcon.colcon_core.shell:Skip shell extension 'powershell' for command environment: Not usable outside of PowerShell
[1.279s] DEBUG:colcon.colcon_core.shell:Skip shell extension 'dsv' for command environment
[9.087s] DEBUG:colcon.colcon_core.event_handler.log_command:Invoking command in '/home/mahmoud-fathy/PlanningTask_WS/build/planning': DEBUGINFOD_URLS=https://debuginfod.ubuntu.com PYTHONPATH=/home/mahmoud-fathy/PlanningTask_WS/build/planning/prefix_override:/usr/lib/python3/dist-packages/colcon_core/task/python/colcon_distutils_commands:/home/mahmoud-fathy/PlanningTask_WS/install/planning/lib/python3.12/site-packages:${PYTHONPATH} /usr/bin/python3 -W ignore:setup.py install is deprecated -W ignore:easy_install command is deprecated setup.py develop --editable --build-directory /home/mahmoud-fathy/PlanningTask_WS/build/planning/build --no-deps symlink_data
[10.846s] Level 1:colcon.colcon_core.shell:create_environment_hook('planning', 'pythonpath_develop')
[10.847s] DEBUG:colcon.colcon_core.event_handler.log_command:Invoked command in '/home/mahmoud-fathy/PlanningTask_WS/build/planning' returned '0': DEBUGINFOD_URLS=https://debuginfod.ubuntu.com PYTHONPATH=/home/mahmoud-fathy/PlanningTask_WS/build/planning/prefix_override:/usr/lib/python3/dist-packages/colcon_core/task/python/colcon_distutils_commands:/home/mahmoud-fathy/PlanningTask_WS/install/planning/lib/python3.12/site-packages:${PYTHONPATH} /usr/bin/python3 -W ignore:setup.py install is deprecated -W ignore:easy_install command is deprecated setup.py develop --editable --build-directory /home/mahmoud-fathy/PlanningTask_WS/build/planning/build --no-deps symlink_data
[10.848s] INFO:colcon.colcon_core.shell:Creating environment hook '/home/mahmoud-fathy/PlanningTask_WS/build/planning/share/planning/hook/pythonpath_develop.ps1'
[10.849s] INFO:colcon.colcon_core.shell:Creating environment descriptor '/home/mahmoud-fathy/PlanningTask_WS/build/planning/share/planning/hook/pythonpath_develop.dsv'
[10.850s] INFO:colcon.colcon_core.shell:Creating environment hook '/home/mahmoud-fathy/PlanningTask_WS/build/planning/share/planning/hook/pythonpath_develop.sh'
[10.897s] Level 1:colcon.colcon_core.environment:checking '/home/mahmoud-fathy/PlanningTask_WS/install/planning' for CMake module files
[10.899s] Level 1:colcon.colcon_core.environment:checking '/home/mahmoud-fathy/PlanningTask_WS/install/planning' for CMake config files
[10.901s] Level 1:colcon.colcon_core.environment:checking '/home/mahmoud-fathy/PlanningTask_WS/install/planning/lib'
[10.901s] Level 1:colcon.colcon_core.environment:checking '/home/mahmoud-fathy/PlanningTask_WS/install/planning/bin'
[10.901s] Level 1:colcon.colcon_core.environment:checking '/home/mahmoud-fathy/PlanningTask_WS/install/planning/lib/pkgconfig/planning.pc'
[10.902s] Level 1:colcon.colcon_core.environment:checking '/home/mahmoud-fathy/PlanningTask_WS/install/planning/lib/python3.12/site-packages'
[10.902s] Level 1:colcon.colcon_core.shell:create_environment_hook('planning', 'pythonpath')
[10.903s] INFO:colcon.colcon_core.shell:Creating environment hook '/home/mahmoud-fathy/PlanningTask_WS/install/planning/share/planning/hook/pythonpath.ps1'
[10.904s] INFO:colcon.colcon_core.shell:Creating environment descriptor '/home/mahmoud-fathy/PlanningTask_WS/install/planning/share/planning/hook/pythonpath.dsv'
[10.905s] INFO:colcon.colcon_core.shell:Creating environment hook '/home/mahmoud-fathy/PlanningTask_WS/install/planning/share/planning/hook/pythonpath.sh'
[10.907s] Level 1:colcon.colcon_core.environment:checking '/home/mahmoud-fathy/PlanningTask_WS/install/planning/bin'
[10.907s] Level 1:colcon.colcon_core.environment:create_environment_scripts_only(planning)
[10.908s] INFO:colcon.colcon_core.shell:Creating package script '/home/mahmoud-fathy/PlanningTask_WS/install/planning/share/planning/package.ps1'
[10.911s] INFO:colcon.colcon_core.shell:Creating package descriptor '/home/mahmoud-fathy/PlanningTask_WS/install/planning/share/planning/package.dsv'
[10.931s] INFO:colcon.colcon_core.shell:Creating package script '/home/mahmoud-fathy/PlanningTask_WS/install/planning/share/planning/package.sh'
[10.934s] INFO:colcon.colcon_core.shell:Creating package script '/home/mahmoud-fathy/PlanningTask_WS/install/planning/share/planning/package.bash'
[10.982s] INFO:colcon.colcon_core.shell:Creating package script '/home/mahmoud-fathy/PlanningTask_WS/install/planning/share/planning/package.zsh'
[10.984s] Level 1:colcon.colcon_core.environment:create_file_with_runtime_dependencies(/home/mahmoud-fathy/PlanningTask_WS/install/planning/share/colcon-core/packages/planning)
[10.984s] DEBUG:colcon.colcon_parallel_executor.executor.parallel:closing loop
[10.985s] DEBUG:colcon.colcon_parallel_executor.executor.parallel:loop closed
[10.986s] DEBUG:colcon.colcon_parallel_executor.executor.parallel:run_until_complete finished with '0'
[10.986s] DEBUG:colcon.colcon_core.event_reactor:joining thread
[11.018s] INFO:colcon.colcon_core.plugin_system:Skipping extension 'colcon_notification.desktop_notification.terminal_notifier': Not used on non-Darwin systems
[11.018s] INFO:colcon.colcon_core.plugin_system:Skipping extension 'colcon_notification.desktop_notification.win32': Not used on non-Windows systems
[11.018s] INFO:colcon.colcon_notification.desktop_notification:Sending desktop notification using 'notify2'
[11.054s] DEBUG:colcon.colcon_core.event_reactor:joined thread
[11.055s] INFO:colcon.colcon_core.shell:Creating prefix script '/home/mahmoud-fathy/PlanningTask_WS/install/local_setup.ps1'
[11.057s] INFO:colcon.colcon_core.shell:Creating prefix util module '/home/mahmoud-fathy/PlanningTask_WS/install/_local_setup_util_ps1.py'
[11.070s] INFO:colcon.colcon_core.shell:Creating prefix chain script '/home/mahmoud-fathy/PlanningTask_WS/install/setup.ps1'
[11.080s] INFO:colcon.colcon_core.shell:Creating prefix script '/home/mahmoud-fathy/PlanningTask_WS/install/local_setup.sh'
[11.083s] INFO:colcon.colcon_core.shell:Creating prefix util module '/home/mahmoud-fathy/PlanningTask_WS/install/_local_setup_util_sh.py'
[11.086s] INFO:colcon.colcon_core.shell:Creating prefix chain script '/home/mahmoud-fathy/PlanningTask_WS/install/setup.sh'
[11.091s] INFO:colcon.colcon_core.shell:Creating prefix script '/home/mahmoud-fathy/PlanningTask_WS/install/local_setup.bash'
[11.092s] INFO:colcon.colcon_core.shell:Creating prefix chain script '/home/mahmoud-fathy/PlanningTask_WS/install/setup.bash'
[11.095s] INFO:colcon.colcon_core.shell:Creating prefix script '/home/mahmoud-fathy/PlanningTask_WS/install/local_setup.zsh'
[11.096s] INFO:colcon.colcon_core.shell:Creating prefix chain script '/home/mahmoud-fathy/PlanningTask_WS/install/setup.zsh'
